# JRE version: OpenJDK Runtime Environment (8.0_242-b01) (build 1.8.0_242-release-1644-b01)
# Java VM: OpenJDK 64-Bit Server VM (25.242-b01 mixed mode windows-amd64 compressed oops)
Heap:
 PSYoungGen      total 188928K, used 54949K [0x00000000d5580000, 0x00000000e3500000, 0x0000000100000000)
  eden space 162816K, 17% used [0x00000000d5580000,0x00000000d71a9f30,0x00000000df480000)
  from space 26112K, 99% used [0x00000000e1b80000,0x00000000e34ff588,0x00000000e3500000)
  to   space 22016K, 0% used [0x00000000df480000,0x00000000df480000,0x00000000e0a00000)
 ParOldGen       total 121856K, used 61064K [0x0000000080000000, 0x0000000087700000, 0x00000000d5580000)
  object space 121856K, 50% used [0x0000000080000000,0x0000000083ba20c8,0x0000000087700000)
 Metaspace       used 79052K, capacity 83863K, committed 84056K, reserved 1124352K
  class space    used 10858K, capacity 11829K, committed 11904K, reserved 1048576K
GC Heap History (10 events):
Event: 13.710 GC heap before
{Heap before GC invocations=17 (full 3):
 PSYoungGen      total 159232K, used 12001K [0x00000000d5580000, 0x00000000e1c80000, 0x0000000100000000)
  eden space 141824K, 0% used [0x00000000d5580000,0x00000000d5580000,0x00000000de000000)
  from space 17408K, 68% used [0x00000000df180000,0x00000000dfd38668,0x00000000e0280000)
  to   space 17920K, 0% used [0x00000000de000000,0x00000000de000000,0x00000000df180000)
 ParOldGen       total 73216K, used 33879K [0x0000000080000000, 0x0000000084780000, 0x00000000d5580000)
  object space 73216K, 46% used [0x0000000080000000,0x0000000082115d40,0x0000000084780000)
 Metaspace       used 56537K, capacity 58884K, committed 59028K, reserved 1099776K
  class space    used 7737K, capacity 8183K, committed 8192K, reserved 1048576K
Event: 14.038 GC heap after
Heap after GC invocations=17 (full 3):
 PSYoungGen      total 159232K, used 0K [0x00000000d5580000, 0x00000000e1c80000, 0x0000000100000000)
  eden space 141824K, 0% used [0x00000000d5580000,0x00000000d5580000,0x00000000de000000)
  from space 17408K, 0% used [0x00000000df180000,0x00000000df180000,0x00000000e0280000)
  to   space 17920K, 0% used [0x00000000de000000,0x00000000de000000,0x00000000df180000)
 ParOldGen       total 121856K, used 36069K [0x0000000080000000, 0x0000000087700000, 0x00000000d5580000)
  object space 121856K, 29% used [0x0000000080000000,0x0000000082339710,0x0000000087700000)
 Metaspace       used 56488K, capacity 58716K, committed 59028K, reserved 1099776K
  class space    used 7722K, capacity 8155K, committed 8192K, reserved 1048576K
}
Event: 17.940 GC heap before
{Heap before GC invocations=18 (full 3):
 PSYoungGen      total 159232K, used 141824K [0x00000000d5580000, 0x00000000e1c80000, 0x0000000100000000)
  eden space 141824K, 100% used [0x00000000d5580000,0x00000000de000000,0x00000000de000000)
  from space 17408K, 0% used [0x00000000df180000,0x00000000df180000,0x00000000e0280000)
  to   space 17920K, 0% used [0x00000000de000000,0x00000000de000000,0x00000000df180000)
 ParOldGen       total 121856K, used 36069K [0x0000000080000000, 0x0000000087700000, 0x00000000d5580000)
  object space 121856K, 29% used [0x0000000080000000,0x0000000082339710,0x0000000087700000)
 Metaspace       used 63413K, capacity 66580K, committed 66776K, reserved 1105920K
  class space    used 8807K, capacity 9403K, committed 9472K, reserved 1048576K
Event: 17.962 GC heap after
Heap after GC invocations=18 (full 3):
 PSYoungGen      total 159744K, used 15208K [0x00000000d5580000, 0x00000000e1f00000, 0x0000000100000000)
  eden space 141824K, 0% used [0x00000000d5580000,0x00000000d5580000,0x00000000de000000)
  from space 17920K, 84% used [0x00000000de000000,0x00000000deeda020,0x00000000df180000)
  to   space 19968K, 0% used [0x00000000e0b80000,0x00000000e0b80000,0x00000000e1f00000)
 ParOldGen       total 121856K, used 36077K [0x0000000080000000, 0x0000000087700000, 0x00000000d5580000)
  object space 121856K, 29% used [0x0000000080000000,0x000000008233b710,0x0000000087700000)
 Metaspace       used 63413K, capacity 66580K, committed 66776K, reserved 1105920K
  class space    used 8807K, capacity 9403K, committed 9472K, reserved 1048576K
}
Event: 25.394 GC heap before
{Heap before GC invocations=19 (full 3):
 PSYoungGen      total 159744K, used 157032K [0x00000000d5580000, 0x00000000e1f00000, 0x0000000100000000)
  eden space 141824K, 100% used [0x00000000d5580000,0x00000000de000000,0x00000000de000000)
  from space 17920K, 84% used [0x00000000de000000,0x00000000deeda020,0x00000000df180000)
  to   space 19968K, 0% used [0x00000000e0b80000,0x00000000e0b80000,0x00000000e1f00000)
 ParOldGen       total 121856K, used 36077K [0x0000000080000000, 0x0000000087700000, 0x00000000d5580000)
  object space 121856K, 29% used [0x0000000080000000,0x000000008233b710,0x0000000087700000)
 Metaspace       used 68303K, capacity 71708K, committed 71896K, reserved 1112064K
  class space    used 9295K, capacity 9937K, committed 9984K, reserved 1048576K
Event: 25.427 GC heap after
Heap after GC invocations=19 (full 3):
 PSYoungGen      total 182784K, used 17018K [0x00000000d5580000, 0x00000000e1f80000, 0x0000000100000000)
  eden space 162816K, 0% used [0x00000000d5580000,0x00000000d5580000,0x00000000df480000)
  from space 19968K, 85% used [0x00000000e0b80000,0x00000000e1c1ea30,0x00000000e1f00000)
  to   space 22016K, 0% used [0x00000000df480000,0x00000000df480000,0x00000000e0a00000)
 ParOldGen       total 121856K, used 36085K [0x0000000080000000, 0x0000000087700000, 0x00000000d5580000)
  object space 121856K, 29% used [0x0000000080000000,0x000000008233d710,0x0000000087700000)
 Metaspace       used 68303K, capacity 71708K, committed 71896K, reserved 1112064K
  class space    used 9295K, capacity 9937K, committed 9984K, reserved 1048576K
}
Event: 32.166 GC heap before
{Heap before GC invocations=20 (full 3):
 PSYoungGen      total 182784K, used 179828K [0x00000000d5580000, 0x00000000e1f80000, 0x0000000100000000)
  eden space 162816K, 99% used [0x00000000d5580000,0x00000000df47e6a8,0x00000000df480000)
  from space 19968K, 85% used [0x00000000e0b80000,0x00000000e1c1ea30,0x00000000e1f00000)
  to   space 22016K, 0% used [0x00000000df480000,0x00000000df480000,0x00000000e0a00000)
 ParOldGen       total 121856K, used 36085K [0x0000000080000000, 0x0000000087700000, 0x00000000d5580000)
  object space 121856K, 29% used [0x0000000080000000,0x000000008233d710,0x0000000087700000)
 Metaspace       used 73618K, capacity 77464K, committed 77784K, reserved 1116160K
  class space    used 9949K, capacity 10657K, committed 10752K, reserved 1048576K
Event: 32.195 GC heap after
Heap after GC invocations=20 (full 3):
 PSYoungGen      total 184832K, used 22015K [0x00000000d5580000, 0x00000000e3500000, 0x0000000100000000)
  eden space 162816K, 0% used [0x00000000d5580000,0x00000000d5580000,0x00000000df480000)
  from space 22016K, 99% used [0x00000000df480000,0x00000000e09ffea0,0x00000000e0a00000)
  to   space 26112K, 0% used [0x00000000e1b80000,0x00000000e1b80000,0x00000000e3500000)
 ParOldGen       total 121856K, used 38761K [0x0000000080000000, 0x0000000087700000, 0x00000000d5580000)
  object space 121856K, 31% used [0x0000000080000000,0x00000000825da450,0x0000000087700000)
 Metaspace       used 73618K, capacity 77464K, committed 77784K, reserved 1116160K
  class space    used 9949K, capacity 10657K, committed 10752K, reserved 1048576K
}
Event: 43.561 GC heap before
{Heap before GC invocations=21 (full 3):
 PSYoungGen      total 184832K, used 184831K [0x00000000d5580000, 0x00000000e3500000, 0x0000000100000000)
  eden space 162816K, 100% used [0x00000000d5580000,0x00000000df480000,0x00000000df480000)
  from space 22016K, 99% used [0x00000000df480000,0x00000000e09ffea0,0x00000000e0a00000)
  to   space 26112K, 0% used [0x00000000e1b80000,0x00000000e1b80000,0x00000000e3500000)
 ParOldGen       total 121856K, used 38761K [0x0000000080000000, 0x0000000087700000, 0x00000000d5580000)
  object space 121856K, 31% used [0x0000000080000000,0x00000000825da450,0x0000000087700000)
 Metaspace       used 78209K, capacity 82674K, committed 82904K, reserved 1120256K
  class space    used 10636K, capacity 11448K, committed 11520K, reserved 1048576K
Event: 43.708 GC heap after
Heap after GC invocations=21 (full 3):
 PSYoungGen      total 188928K, used 26109K [0x00000000d5580000, 0x00000000e3500000, 0x0000000100000000)
  eden space 162816K, 0% used [0x00000000d5580000,0x00000000d5580000,0x00000000df480000)
  from space 26112K, 99% used [0x00000000e1b80000,0x00000000e34ff588,0x00000000e3500000)
  to   space 22016K, 0% used [0x00000000df480000,0x00000000df480000,0x00000000e0a00000)
 ParOldGen       total 121856K, used 61064K [0x0000000080000000, 0x0000000087700000, 0x00000000d5580000)
  object space 121856K, 50% used [0x0000000080000000,0x0000000083ba20c8,0x0000000087700000)
 Metaspace       used 78209K, capacity 82674K, committed 82904K, reserved 1120256K
  class space    used 10636K, capacity 11448K, committed 11520K, reserved 1048576K
}

