# JRE version: OpenJDK Runtime Environment (8.0_242-b01) (build 1.8.0_242-release-1644-b01)
# Java VM: OpenJDK 64-Bit Server VM (25.242-b01 mixed mode windows-amd64 compressed oops)
Heap:
 PSYoungGen      total 315904K, used 288438K [0x00000000d5580000, 0x00000000ee080000, 0x0000000100000000)
  eden space 284672K, 96% used [0x00000000d5580000,0x00000000e62512f0,0x00000000e6b80000)
  from space 31232K, 42% used [0x00000000e8880000,0x00000000e955c6f8,0x00000000ea700000)
  to   space 29696K, 0% used [0x00000000e6b80000,0x00000000e6b80000,0x00000000e8880000)
 ParOldGen       total 136704K, used 71162K [0x0000000080000000, 0x0000000088580000, 0x00000000d5580000)
  object space 136704K, 52% used [0x0000000080000000,0x000000008457ea48,0x0000000088580000)
 Metaspace       used 91318K, capacity 96132K, committed 96216K, reserved 1132544K
  class space    used 12033K, capacity 12986K, committed 13056K, reserved 1048576K
GC Heap History (10 events):
Event: 21.120 GC heap before
{Heap before GC invocations=15 (full 2):
 PSYoungGen      total 223232K, used 203176K [0x00000000d5580000, 0x00000000e4080000, 0x0000000100000000)
  eden space 209920K, 90% used [0x00000000d5580000,0x00000000e0eef900,0x00000000e2280000)
  from space 13312K, 99% used [0x00000000e3380000,0x00000000e407a878,0x00000000e4080000)
  to   space 15360K, 0% used [0x00000000e2280000,0x00000000e2280000,0x00000000e3180000)
 ParOldGen       total 79872K, used 16394K [0x0000000080000000, 0x0000000084e00000, 0x00000000d5580000)
  object space 79872K, 20% used [0x0000000080000000,0x0000000081002840,0x0000000084e00000)
 Metaspace       used 56471K, capacity 58892K, committed 59028K, reserved 1099776K
  class space    used 7409K, capacity 7860K, committed 7936K, reserved 1048576K
Event: 21.161 GC heap after
Heap after GC invocations=15 (full 2):
 PSYoungGen      total 225280K, used 15349K [0x00000000d5580000, 0x00000000e9a00000, 0x0000000100000000)
  eden space 209920K, 0% used [0x00000000d5580000,0x00000000d5580000,0x00000000e2280000)
  from space 15360K, 99% used [0x00000000e2280000,0x00000000e317d5d0,0x00000000e3180000)
  to   space 22528K, 0% used [0x00000000e8400000,0x00000000e8400000,0x00000000e9a00000)
 ParOldGen       total 79872K, used 30245K [0x0000000080000000, 0x0000000084e00000, 0x00000000d5580000)
  object space 79872K, 37% used [0x0000000080000000,0x0000000081d89508,0x0000000084e00000)
 Metaspace       used 56471K, capacity 58892K, committed 59028K, reserved 1099776K
  class space    used 7409K, capacity 7860K, committed 7936K, reserved 1048576K
}
Event: 21.161 GC heap before
{Heap before GC invocations=16 (full 3):
 PSYoungGen      total 225280K, used 15349K [0x00000000d5580000, 0x00000000e9a00000, 0x0000000100000000)
  eden space 209920K, 0% used [0x00000000d5580000,0x00000000d5580000,0x00000000e2280000)
  from space 15360K, 99% used [0x00000000e2280000,0x00000000e317d5d0,0x00000000e3180000)
  to   space 22528K, 0% used [0x00000000e8400000,0x00000000e8400000,0x00000000e9a00000)
 ParOldGen       total 79872K, used 30245K [0x0000000080000000, 0x0000000084e00000, 0x00000000d5580000)
  object space 79872K, 37% used [0x0000000080000000,0x0000000081d89508,0x0000000084e00000)
 Metaspace       used 56471K, capacity 58892K, committed 59028K, reserved 1099776K
  class space    used 7409K, capacity 7860K, committed 7936K, reserved 1048576K
Event: 21.522 GC heap after
Heap after GC invocations=16 (full 3):
 PSYoungGen      total 225280K, used 0K [0x00000000d5580000, 0x00000000e9a00000, 0x0000000100000000)
  eden space 209920K, 0% used [0x00000000d5580000,0x00000000d5580000,0x00000000e2280000)
  from space 15360K, 0% used [0x00000000e2280000,0x00000000e2280000,0x00000000e3180000)
  to   space 22528K, 0% used [0x00000000e8400000,0x00000000e8400000,0x00000000e9a00000)
 ParOldGen       total 136704K, used 41701K [0x0000000080000000, 0x0000000088580000, 0x00000000d5580000)
  object space 136704K, 30% used [0x0000000080000000,0x00000000828b9450,0x0000000088580000)
 Metaspace       used 56352K, capacity 58590K, committed 59028K, reserved 1099776K
  class space    used 7376K, capacity 7816K, committed 7936K, reserved 1048576K
}
Event: 25.533 GC heap before
{Heap before GC invocations=17 (full 3):
 PSYoungGen      total 225280K, used 209920K [0x00000000d5580000, 0x00000000e9a00000, 0x0000000100000000)
  eden space 209920K, 100% used [0x00000000d5580000,0x00000000e2280000,0x00000000e2280000)
  from space 15360K, 0% used [0x00000000e2280000,0x00000000e2280000,0x00000000e3180000)
  to   space 22528K, 0% used [0x00000000e8400000,0x00000000e8400000,0x00000000e9a00000)
 ParOldGen       total 136704K, used 41701K [0x0000000080000000, 0x0000000088580000, 0x00000000d5580000)
  object space 136704K, 30% used [0x0000000080000000,0x00000000828b9450,0x0000000088580000)
 Metaspace       used 69867K, capacity 72890K, committed 73048K, reserved 1112064K
  class space    used 9457K, capacity 10056K, committed 10112K, reserved 1048576K
Event: 25.572 GC heap after
Heap after GC invocations=17 (full 3):
 PSYoungGen      total 266240K, used 19514K [0x00000000d5580000, 0x00000000e9780000, 0x0000000100000000)
  eden space 246272K, 0% used [0x00000000d5580000,0x00000000d5580000,0x00000000e4600000)
  from space 19968K, 97% used [0x00000000e8400000,0x00000000e970e848,0x00000000e9780000)
  to   space 25088K, 0% used [0x00000000e6680000,0x00000000e6680000,0x00000000e7f00000)
 ParOldGen       total 136704K, used 41709K [0x0000000080000000, 0x0000000088580000, 0x00000000d5580000)
  object space 136704K, 30% used [0x0000000080000000,0x00000000828bb450,0x0000000088580000)
 Metaspace       used 69867K, capacity 72890K, committed 73048K, reserved 1112064K
  class space    used 9457K, capacity 10056K, committed 10112K, reserved 1048576K
}
Event: 37.602 GC heap before
{Heap before GC invocations=18 (full 3):
 PSYoungGen      total 266240K, used 265786K [0x00000000d5580000, 0x00000000e9780000, 0x0000000100000000)
  eden space 246272K, 100% used [0x00000000d5580000,0x00000000e4600000,0x00000000e4600000)
  from space 19968K, 97% used [0x00000000e8400000,0x00000000e970e848,0x00000000e9780000)
  to   space 25088K, 0% used [0x00000000e6680000,0x00000000e6680000,0x00000000e7f00000)
 ParOldGen       total 136704K, used 41709K [0x0000000080000000, 0x0000000088580000, 0x00000000d5580000)
  object space 136704K, 30% used [0x0000000080000000,0x00000000828bb450,0x0000000088580000)
 Metaspace       used 79500K, capacity 83626K, committed 83928K, reserved 1122304K
  class space    used 10727K, capacity 11495K, committed 11520K, reserved 1048576K
Event: 37.633 GC heap after
Heap after GC invocations=18 (full 3):
 PSYoungGen      total 304640K, used 25072K [0x00000000d5580000, 0x00000000ea700000, 0x0000000100000000)
  eden space 279552K, 0% used [0x00000000d5580000,0x00000000d5580000,0x00000000e6680000)
  from space 25088K, 99% used [0x00000000e6680000,0x00000000e7efc0a8,0x00000000e7f00000)
  to   space 31232K, 0% used [0x00000000e8880000,0x00000000e8880000,0x00000000ea700000)
 ParOldGen       total 136704K, used 47786K [0x0000000080000000, 0x0000000088580000, 0x00000000d5580000)
  object space 136704K, 34% used [0x0000000080000000,0x0000000082eaa810,0x0000000088580000)
 Metaspace       used 79500K, capacity 83626K, committed 83928K, reserved 1122304K
  class space    used 10727K, capacity 11495K, committed 11520K, reserved 1048576K
}
Event: 39.335 GC heap before
{Heap before GC invocations=19 (full 3):
 PSYoungGen      total 304640K, used 304624K [0x00000000d5580000, 0x00000000ea700000, 0x0000000100000000)
  eden space 279552K, 100% used [0x00000000d5580000,0x00000000e6680000,0x00000000e6680000)
  from space 25088K, 99% used [0x00000000e6680000,0x00000000e7efc0a8,0x00000000e7f00000)
  to   space 31232K, 0% used [0x00000000e8880000,0x00000000e8880000,0x00000000ea700000)
 ParOldGen       total 136704K, used 47786K [0x0000000080000000, 0x0000000088580000, 0x00000000d5580000)
  object space 136704K, 34% used [0x0000000080000000,0x0000000082eaa810,0x0000000088580000)
 Metaspace       used 80314K, capacity 84438K, committed 84568K, reserved 1122304K
  class space    used 10785K, capacity 11563K, committed 11648K, reserved 1048576K
Event: 39.398 GC heap after
Heap after GC invocations=19 (full 3):
 PSYoungGen      total 315904K, used 13169K [0x00000000d5580000, 0x00000000ee080000, 0x0000000100000000)
  eden space 284672K, 0% used [0x00000000d5580000,0x00000000d5580000,0x00000000e6b80000)
  from space 31232K, 42% used [0x00000000e8880000,0x00000000e955c6f8,0x00000000ea700000)
  to   space 29696K, 0% used [0x00000000e6b80000,0x00000000e6b80000,0x00000000e8880000)
 ParOldGen       total 136704K, used 71162K [0x0000000080000000, 0x0000000088580000, 0x00000000d5580000)
  object space 136704K, 52% used [0x0000000080000000,0x000000008457ea48,0x0000000088580000)
 Metaspace       used 80314K, capacity 84438K, committed 84568K, reserved 1122304K
  class space    used 10785K, capacity 11563K, committed 11648K, reserved 1048576K
}

